c:\users\monster\documents\vısual studıo 2015\projects\star\star\debug\vc140.pdb
c:\users\monster\documents\vısual studıo 2015\projects\star\star\debug\vc140.ıdb
c:\users\monster\documents\vısual studıo 2015\projects\star\star\debug\maın.obj
c:\users\monster\documents\vısual studıo 2015\projects\star\star\debug\shader_loader.obj
c:\users\monster\documents\vısual studıo 2015\projects\star\debug\star.ılk
c:\users\monster\documents\vısual studıo 2015\projects\star\debug\star.exe
c:\users\monster\documents\vısual studıo 2015\projects\star\debug\star.pdb
c:\users\monster\documents\visual studio 2015\projects\star\star\debug\main.obj
c:\users\monster\documents\visual studio 2015\projects\star\star\debug\shader_loader.obj
c:\users\monster\documents\visual studio 2015\projects\star\star\debug\vc140.idb
c:\users\monster\documents\visual studio 2015\projects\star\star\debug\vc140.pdb
c:\users\monster\documents\visual studio 2015\projects\star\debug\star.pdb
c:\users\monster\documents\visual studio 2015\projects\star\debug\star.exe
c:\users\monster\documents\visual studio 2015\projects\star\debug\star.ilk
c:\users\monster\documents\visual studio 2015\projects\star\star\debug\star.tlog\cl.command.1.tlog
c:\users\monster\documents\visual studio 2015\projects\star\star\debug\star.tlog\cl.read.1.tlog
c:\users\monster\documents\visual studio 2015\projects\star\star\debug\star.tlog\cl.write.1.tlog
c:\users\monster\documents\visual studio 2015\projects\star\star\debug\star.tlog\link.command.1.tlog
c:\users\monster\documents\visual studio 2015\projects\star\star\debug\star.tlog\link.read.1.tlog
c:\users\monster\documents\visual studio 2015\projects\star\star\debug\star.tlog\link.write.1.tlog
